2019-08-01 19:13 +08:00: 微信acess_token已过期，正在从数据库拉取.
2019-08-01 19:13 +08:00: [success]连接数据库成功.
2019-08-01 19:13 +08:00: [success]从数据库获得的access_token,有效期至: Thu Aug 01 2019 21:08:28 GMT+0800 (CST)
2019-08-01 19:14 +08:00: [success]path:/
2019-08-01 19:14 +08:00: [success]path:/favicon.ico
2019-08-01 19:14 +08:00: [success]path:/
2019-08-01 19:14 +08:00: [success]path:/favicon.ico
2019-08-01 19:14 +08:00: [success]path:/sw.js
2019-08-01 19:14 +08:00: [success]path:/
2019-08-01 19:14 +08:00: [success]path:/favicon.ico
2019-08-01 19:14 +08:00: [success]path:/
2019-08-01 19:14 +08:00: [success]path:/favicon.ico
2019-08-01 19:14 +08:00: [success]path:/sw.js
2019-08-01 19:15 +08:00: 微信acess_token已过期，正在从数据库拉取.
2019-08-01 19:15 +08:00: [success]连接数据库成功.
2019-08-01 19:15 +08:00: [success]从数据库获得的access_token,有效期至: Thu Aug 01 2019 21:08:28 GMT+0800 (CST)
2019-08-01 19:15 +08:00: [success]path:/
2019-08-01 19:15 +08:00: [success]path:/favicon.ico
2019-08-01 19:15 +08:00: [success]path:/sw.js
2019-08-01 19:15 +08:00: [success]path:/
2019-08-01 19:15 +08:00: [success]path:/favicon.ico
2019-08-01 19:15 +08:00: [success]path:/
2019-08-01 19:15 +08:00: [success]path:/favicon.ico
2019-08-01 19:15 +08:00: [success]path:/sw.js
2019-08-01 19:15 +08:00: [success]path:/sw.js
2019-08-01 19:15 +08:00: [success]path:/
2019-08-01 19:15 +08:00: [success]path:/favicon.ico
2019-08-01 19:15 +08:00: [success]path:/
2019-08-01 19:15 +08:00: [success]path:/favicon.ico
2019-08-01 19:15 +08:00: [success]path:/sw.js
2019-08-01 19:15 +08:00: [success]path:/sw.js
2019-08-01 19:16 +08:00: [success]path:/
2019-08-01 19:16 +08:00: [success]path:/favicon.ico
2019-08-01 19:16 +08:00: [success]path:/
2019-08-01 19:16 +08:00: [success]path:/favicon.ico
2019-08-01 19:16 +08:00: [success]path:/
2019-08-01 19:16 +08:00: [success]path:/favicon.ico
2019-08-01 19:16 +08:00: [success]path:/
2019-08-01 19:16 +08:00: [success]path:/
2019-08-01 19:16 +08:00: [success]path:/favicon.ico
2019-08-01 19:16 +08:00: [success]path:/favicon.ico
2019-08-01 19:16 +08:00: [success]path:/sw.js
2019-08-01 19:16 +08:00: [success]path:/
2019-08-01 19:16 +08:00: [success]path:/favicon.ico
2019-08-01 19:16 +08:00: [success]path:/
2019-08-01 19:16 +08:00: [success]path:/favicon.ico
2019-08-01 19:16 +08:00: [success]path:/
2019-08-01 19:16 +08:00: [success]path:/favicon.ico
2019-08-01 19:16 +08:00: [success]path:/
2019-08-01 19:16 +08:00: [success]path:/favicon.ico
2019-08-01 19:16 +08:00: [success]path:/
2019-08-01 19:16 +08:00: [success]path:/favicon.ico
2019-08-01 19:16 +08:00: [success]path:/
2019-08-01 19:16 +08:00: [success]path:/favicon.ico
2019-08-01 19:16 +08:00: [success]path:/
2019-08-01 19:16 +08:00: [success]path:/favicon.ico
2019-08-01 19:16 +08:00: [success]path:/
2019-08-01 19:16 +08:00: [success]path:/favicon.ico
2019-08-01 19:16 +08:00: [success]path:/
2019-08-01 19:16 +08:00: [success]path:/favicon.ico
2019-08-01 19:16 +08:00: [success]path:/
2019-08-01 19:16 +08:00: [success]path:/favicon.ico
2019-08-01 19:16 +08:00: [success]path:/sw.js
2019-08-01 19:16 +08:00: 微信acess_token已过期，正在从数据库拉取.
2019-08-01 19:16 +08:00: [success]连接数据库成功.
2019-08-01 19:16 +08:00: [success]从数据库获得的access_token,有效期至: Thu Aug 01 2019 21:08:28 GMT+0800 (CST)
2019-08-01 19:16 +08:00: [success]path:/
2019-08-01 19:16 +08:00: [success]path:/favicon.ico
2019-08-01 19:16 +08:00: [success]path:/sw.js
2019-08-01 19:16 +08:00: [success]path:/
2019-08-01 19:16 +08:00: [success]path:/favicon.ico
2019-08-01 19:16 +08:00: [success]path:/
2019-08-01 19:16 +08:00: [success]path:/favicon.ico
2019-08-01 19:16 +08:00: [success]path:/
2019-08-01 19:16 +08:00: [success]path:/favicon.ico
2019-08-01 19:16 +08:00: [success]path:/
2019-08-01 19:16 +08:00: [success]path:/favicon.ico
2019-08-01 19:16 +08:00: [success]path:/
2019-08-01 19:16 +08:00: [success]path:/
2019-08-01 19:16 +08:00: [success]path:/favicon.ico
2019-08-01 19:16 +08:00: [success]path:/favicon.ico
2019-08-01 19:16 +08:00: [success]path:/
2019-08-01 19:16 +08:00: [success]path:/favicon.ico
2019-08-01 19:16 +08:00: [success]path:/sw.js
2019-08-01 19:17 +08:00: [success]path:/
2019-08-01 19:17 +08:00: [success]path:/favicon.ico
2019-08-01 19:17 +08:00: [success]path:/sw.js
2019-08-01 19:17 +08:00: 微信acess_token已过期，正在从数据库拉取.
2019-08-01 19:17 +08:00: [success]连接数据库成功.
2019-08-01 19:17 +08:00: [success]从数据库获得的access_token,有效期至: Thu Aug 01 2019 21:08:28 GMT+0800 (CST)
2019-08-01 19:17 +08:00: [success]path:/
2019-08-01 19:17 +08:00: [success]path:/favicon.ico
2019-08-01 19:17 +08:00: [success]path:/sw.js
2019-08-01 19:17 +08:00: [success]path:/
2019-08-01 19:17 +08:00: [success]path:/favicon.ico
2019-08-01 19:17 +08:00: [success]path:/
2019-08-01 19:17 +08:00: [success]path:/favicon.ico
2019-08-01 19:17 +08:00: [success]path:/
2019-08-01 19:17 +08:00: [success]path:/
2019-08-01 19:17 +08:00: [success]path:/favicon.ico
2019-08-01 19:17 +08:00: [success]path:/favicon.ico
2019-08-01 19:17 +08:00: [success]path:/
2019-08-01 19:17 +08:00: [success]path:/favicon.ico
2019-08-01 19:17 +08:00: [success]path:/
2019-08-01 19:17 +08:00: [success]path:/favicon.ico
2019-08-01 19:17 +08:00: [success]path:/sw.js
2019-08-01 19:17 +08:00: [success]path:/
2019-08-01 19:17 +08:00: [success]path:/
2019-08-01 19:17 +08:00: [success]path:/favicon.ico
2019-08-01 19:17 +08:00: [success]path:/
2019-08-01 19:17 +08:00: [success]path:/favicon.ico
2019-08-01 19:17 +08:00: [success]path:/
2019-08-01 19:17 +08:00: [success]path:/
2019-08-01 19:17 +08:00: [success]path:/
2019-08-01 19:17 +08:00: [success]path:/favicon.ico
2019-08-01 19:17 +08:00: [success]path:/
2019-08-01 19:17 +08:00: [success]path:/
2019-08-01 19:17 +08:00: [success]path:/favicon.ico
2019-08-01 19:17 +08:00: [success]path:/sw.js
2019-08-01 19:18 +08:00: [success]path:/
2019-08-01 19:18 +08:00: [success]path:/favicon.ico
2019-08-01 19:18 +08:00: [success]path:/sw.js
2019-08-01 19:18 +08:00: 微信acess_token已过期，正在从数据库拉取.
2019-08-01 19:18 +08:00: [success]连接数据库成功.
2019-08-01 19:18 +08:00: [success]从数据库获得的access_token,有效期至: Thu Aug 01 2019 21:08:28 GMT+0800 (CST)
2019-08-01 19:18 +08:00: [success]path:/
2019-08-01 19:18 +08:00: [success]path:/sw.js
2019-08-01 19:18 +08:00: [success]path:/
2019-08-01 19:18 +08:00: [success]path:/favicon.ico
2019-08-01 19:18 +08:00: [success]path:/sw.js
2019-08-01 19:18 +08:00: [success]path:/
2019-08-01 19:18 +08:00: [success]path:/favicon.ico
2019-08-01 19:18 +08:00: [success]path:/
2019-08-01 19:18 +08:00: [success]path:/favicon.ico
2019-08-01 19:18 +08:00: [success]path:/sw.js
2019-08-01 19:18 +08:00: [success]path:/
2019-08-01 19:18 +08:00: [success]path:/favicon.ico
2019-08-01 19:18 +08:00: [success]path:/sw.js
2019-08-01 19:18 +08:00: [success]path:/
2019-08-01 19:18 +08:00: [success]path:/favicon.ico
2019-08-01 19:18 +08:00: [success]path:/
2019-08-01 19:18 +08:00: [success]path:/favicon.ico
2019-08-01 19:18 +08:00: [success]path:/
2019-08-01 19:18 +08:00: [success]path:/favicon.ico
2019-08-01 19:18 +08:00: [success]path:/
2019-08-01 19:18 +08:00: [success]path:/
2019-08-01 19:18 +08:00: [success]path:/favicon.ico
2019-08-01 19:18 +08:00: [success]path:/
2019-08-01 19:18 +08:00: [success]path:/favicon.ico
2019-08-01 19:18 +08:00: [success]path:/favicon.ico
2019-08-01 19:18 +08:00: [success]path:/sw.js
2019-08-01 19:18 +08:00: [success]path:/sw.js
2019-08-01 19:18 +08:00: [success]path:/
2019-08-01 19:18 +08:00: [success]path:/favicon.ico
2019-08-01 19:18 +08:00: [success]path:/sw.js
2019-08-01 19:18 +08:00: [success]path:/
2019-08-01 19:18 +08:00: [success]path:/favicon.ico
2019-08-01 19:18 +08:00: [success]path:/
2019-08-01 19:18 +08:00: [success]path:/favicon.ico
2019-08-01 19:18 +08:00: [success]path:/
2019-08-01 19:18 +08:00: [success]path:/favicon.ico
2019-08-01 19:18 +08:00: [success]path:/
2019-08-01 19:18 +08:00: [success]path:/favicon.ico
2019-08-01 19:18 +08:00: [success]path:/
2019-08-01 19:18 +08:00: [success]path:/favicon.ico
2019-08-01 19:18 +08:00: [success]path:/sw.js
2019-08-01 19:19 +08:00: 微信acess_token已过期，正在从数据库拉取.
2019-08-01 19:19 +08:00: [success]连接数据库成功.
2019-08-01 19:19 +08:00: [success]从数据库获得的access_token,有效期至: Thu Aug 01 2019 21:08:28 GMT+0800 (CST)
2019-08-01 19:19 +08:00: [success]path:/
2019-08-01 19:19 +08:00: [success]path:/favicon.ico
2019-08-01 19:19 +08:00: [success]path:/
2019-08-01 19:19 +08:00: [success]path:/favicon.ico
2019-08-01 19:19 +08:00: [success]path:/sw.js
2019-08-01 19:19 +08:00: [success]path:/
2019-08-01 19:19 +08:00: [success]path:/favicon.ico
2019-08-01 19:19 +08:00: [success]path:/
2019-08-01 19:19 +08:00: [success]path:/favicon.ico
2019-08-01 19:19 +08:00: [success]path:/
2019-08-01 19:19 +08:00: [success]path:/favicon.ico
2019-08-01 19:19 +08:00: [success]path:/
2019-08-01 19:19 +08:00: [success]path:/
2019-08-01 19:19 +08:00: [success]path:/favicon.ico
2019-08-01 19:19 +08:00: [success]path:/favicon.ico
2019-08-01 19:19 +08:00: [success]path:/sw.js
2019-08-01 19:20 +08:00: [success]path:/
2019-08-01 19:20 +08:00: [success]path:/favicon.ico
2019-08-01 19:20 +08:00: [success]path:/sw.js
2019-08-01 19:22 +08:00: 微信acess_token已过期，正在从数据库拉取.
2019-08-01 19:22 +08:00: [success]连接数据库成功.
2019-08-01 19:22 +08:00: [success]从数据库获得的access_token,有效期至: Thu Aug 01 2019 21:08:28 GMT+0800 (CST)
2019-08-01 19:22 +08:00: [success]path:/
2019-08-01 19:22 +08:00: [success]path:/favicon.ico
2019-08-01 19:22 +08:00: [success]path:/
2019-08-01 19:22 +08:00: [success]path:/favicon.ico
2019-08-01 19:22 +08:00: [success]path:/sw.js
2019-08-01 19:22 +08:00: [success]path:/
2019-08-01 19:22 +08:00: [success]path:/favicon.ico
2019-08-01 19:22 +08:00: [success]path:/sw.js
2019-08-01 19:22 +08:00: [success]path:/
2019-08-01 19:22 +08:00: [success]path:/favicon.ico
2019-08-01 19:22 +08:00: [success]path:/sw.js
2019-08-01 19:22 +08:00: [success]path:/
2019-08-01 19:22 +08:00: [success]path:/favicon.ico
2019-08-01 19:22 +08:00: 微信acess_token已过期，正在从数据库拉取.
2019-08-01 19:22 +08:00: [success]连接数据库成功.
2019-08-01 19:22 +08:00: [success]从数据库获得的access_token,有效期至: Thu Aug 01 2019 21:08:28 GMT+0800 (CST)
2019-08-01 19:22 +08:00: [success]path:/
2019-08-01 19:22 +08:00: [success]path:/favicon.ico
2019-08-01 19:22 +08:00: [success]path:/
2019-08-01 19:22 +08:00: [success]path:/favicon.ico
2019-08-01 19:22 +08:00: [success]path:/sw.js
2019-08-01 19:23 +08:00: [success]path:/
2019-08-01 19:23 +08:00: [success]path:/favicon.ico
2019-08-01 19:23 +08:00: [success]path:/
2019-08-01 19:23 +08:00: [success]path:/favicon.ico
2019-08-01 19:23 +08:00: [success]path:/
2019-08-01 19:23 +08:00: [success]path:/favicon.ico
2019-08-01 19:23 +08:00: [success]path:/
2019-08-01 19:23 +08:00: [success]path:/favicon.ico
2019-08-01 19:23 +08:00: [success]path:/
2019-08-01 19:23 +08:00: [success]path:/favicon.ico
2019-08-01 19:23 +08:00: [success]path:/
2019-08-01 19:23 +08:00: [success]path:/favicon.ico
2019-08-01 19:23 +08:00: [success]path:/
2019-08-01 19:23 +08:00: [success]path:/
2019-08-01 19:23 +08:00: [success]path:/favicon.ico
2019-08-01 19:23 +08:00: [success]path:/favicon.ico
2019-08-01 19:23 +08:00: [success]path:/sw.js
2019-08-01 19:23 +08:00: [success]path:/
2019-08-01 19:23 +08:00: [success]path:/favicon.ico
2019-08-01 19:25 +08:00: [success]path:/
2019-08-01 19:25 +08:00: [success]path:/favicon.ico
2019-08-01 19:25 +08:00: [success]path:/
2019-08-01 19:25 +08:00: [success]path:/favicon.ico
2019-08-01 19:25 +08:00: [success]path:/sw.js
2019-08-01 19:25 +08:00: [success]path:/
2019-08-01 19:25 +08:00: [success]path:/favicon.ico
2019-08-01 19:25 +08:00: [success]path:/
2019-08-01 19:25 +08:00: [success]path:/favicon.ico
2019-08-01 19:25 +08:00: [success]path:/sw.js
2019-08-01 19:25 +08:00: [success]path:/
2019-08-01 19:25 +08:00: [success]path:/favicon.ico
2019-08-01 19:25 +08:00: [success]path:/
2019-08-01 19:25 +08:00: [success]path:/favicon.ico
2019-08-01 19:25 +08:00: [success]path:/
2019-08-01 19:25 +08:00: [success]path:/favicon.ico
2019-08-01 19:25 +08:00: [success]path:/
2019-08-01 19:25 +08:00: [success]path:/
2019-08-01 19:25 +08:00: [success]path:/favicon.ico
2019-08-01 19:25 +08:00: [success]path:/favicon.ico
2019-08-01 19:25 +08:00: [success]path:/sw.js
2019-08-01 19:25 +08:00: [success]path:/
2019-08-01 19:25 +08:00: [success]path:/favicon.ico
2019-08-01 19:25 +08:00: [success]path:/
2019-08-01 19:25 +08:00: [success]path:/favicon.ico
2019-08-01 19:25 +08:00: [success]path:/
2019-08-01 19:25 +08:00: [success]path:/favicon.ico
2019-08-01 19:25 +08:00: [success]path:/
2019-08-01 19:25 +08:00: [success]path:/favicon.ico
2019-08-01 19:25 +08:00: [success]path:/sw.js
2019-08-01 19:26 +08:00: 微信acess_token已过期，正在从数据库拉取.
2019-08-01 19:26 +08:00: [success]连接数据库成功.
2019-08-01 19:26 +08:00: [success]从数据库获得的access_token,有效期至: Thu Aug 01 2019 21:08:28 GMT+0800 (CST)
2019-08-01 19:26 +08:00: [success]path:/
2019-08-01 19:26 +08:00: [success]path:/sw.js
2019-08-01 19:26 +08:00: [success]path:/favicon.ico
2019-08-01 19:26 +08:00: [success]path:/sw.js
2019-08-01 19:26 +08:00: 微信acess_token已过期，正在从数据库拉取.
2019-08-01 19:26 +08:00: [success]连接数据库成功.
2019-08-01 19:26 +08:00: [success]从数据库获得的access_token,有效期至: Thu Aug 01 2019 21:08:28 GMT+0800 (CST)
2019-08-01 19:26 +08:00: [success]path:/
2019-08-01 19:26 +08:00: [success]path:/favicon.ico
2019-08-01 19:26 +08:00: [success]path:/
2019-08-01 19:26 +08:00: [success]path:/favicon.ico
2019-08-01 19:26 +08:00: [success]path:/sw.js
2019-08-01 19:26 +08:00: 微信acess_token已过期，正在从数据库拉取.
2019-08-01 19:26 +08:00: [success]path:/
2019-08-01 19:26 +08:00: [success]连接数据库成功.
2019-08-01 19:26 +08:00: [success]从数据库获得的access_token,有效期至: Thu Aug 01 2019 21:08:28 GMT+0800 (CST)
2019-08-01 19:26 +08:00: [success]path:/favicon.ico
2019-08-01 19:26 +08:00: [success]path:/sw.js
2019-08-01 19:26 +08:00: [success]path:/sw.js
2019-08-05 11:25 +08:00: [success]path:/
2019-08-05 11:25 +08:00: [success]path:/favicon.ico
2019-08-05 11:25 +08:00: [success]path:/
2019-08-05 11:25 +08:00: [success]path:/favicon.ico
2019-08-05 11:25 +08:00: [success]path:/sw.js
2019-08-05 11:25 +08:00: 微信acess_token已过期，正在从数据库拉取.
2019-08-05 11:25 +08:00: [success]连接数据库成功.
2019-08-05 11:25 +08:00: [success]path:/sw.js
2019-08-05 11:25 +08:00: [success]从数据库获得的access_token,有效期至: Thu Aug 01 2019 21:08:28 GMT+0800 (CST)
2019-08-05 11:25 +08:00: [warning]数据库中的微信acess_token已过期，正在从微信服务器拉取.
2019-08-05 11:25 +08:00: [success]path:/
2019-08-05 11:25 +08:00: [success]微信access_token获取成功,有效期至:Mon Aug 05 2019 13:25:52 GMT+0800 (CST)
2019-08-05 11:25 +08:00: [success]path:/favicon.ico
2019-08-05 11:25 +08:00: [success]path:/sw.js
2019-08-05 11:48 +08:00: 微信acess_token已过期，正在从数据库拉取.
2019-08-05 11:48 +08:00: [success]连接数据库成功.
2019-08-05 11:48 +08:00: [success]从数据库获得的access_token,有效期至: Mon Aug 05 2019 13:25:52 GMT+0800 (CST)
2019-08-05 11:51 +08:00: 微信acess_token已过期，正在从数据库拉取.
2019-08-05 11:51 +08:00: [success]连接数据库成功.
2019-08-05 11:51 +08:00: [success]从数据库获得的access_token,有效期至: Mon Aug 05 2019 13:25:52 GMT+0800 (CST)
2019-08-05 11:51 +08:00: 微信acess_token已过期，正在从数据库拉取.
2019-08-05 11:51 +08:00: [success]连接数据库成功.
2019-08-05 11:51 +08:00: [success]从数据库获得的access_token,有效期至: Mon Aug 05 2019 13:25:52 GMT+0800 (CST)
2019-08-05 11:51 +08:00: 微信acess_token已过期，正在从数据库拉取.
2019-08-05 11:52 +08:00: [success]连接数据库成功.
2019-08-05 11:52 +08:00: [success]从数据库获得的access_token,有效期至: Mon Aug 05 2019 13:25:52 GMT+0800 (CST)
2019-08-05 11:52 +08:00: 微信acess_token已过期，正在从数据库拉取.
2019-08-05 11:52 +08:00: [success]连接数据库成功.
2019-08-05 11:52 +08:00: [success]从数据库获得的access_token,有效期至: Mon Aug 05 2019 13:25:52 GMT+0800 (CST)
2019-08-05 11:52 +08:00: 微信acess_token已过期，正在从数据库拉取.
2019-08-05 11:52 +08:00: [success]连接数据库成功.
2019-08-05 11:52 +08:00: [success]从数据库获得的access_token,有效期至: Mon Aug 05 2019 13:25:52 GMT+0800 (CST)
2019-08-05 11:52 +08:00: 微信acess_token已过期，正在从数据库拉取.
2019-08-05 11:52 +08:00: [success]连接数据库成功.
2019-08-05 11:52 +08:00: [success]从数据库获得的access_token,有效期至: Mon Aug 05 2019 13:25:52 GMT+0800 (CST)
2019-08-05 11:53 +08:00: 微信acess_token已过期，正在从数据库拉取.
2019-08-05 11:53 +08:00: [success]连接数据库成功.
2019-08-05 11:53 +08:00: [success]从数据库获得的access_token,有效期至: Mon Aug 05 2019 13:25:52 GMT+0800 (CST)
2019-08-05 11:53 +08:00: 微信acess_token已过期，正在从数据库拉取.
2019-08-05 11:53 +08:00: [success]连接数据库成功.
2019-08-05 11:53 +08:00: [success]从数据库获得的access_token,有效期至: Mon Aug 05 2019 13:25:52 GMT+0800 (CST)
2019-08-05 11:53 +08:00: 微信acess_token已过期，正在从数据库拉取.
2019-08-05 11:53 +08:00: [success]连接数据库成功.
2019-08-05 11:53 +08:00: [success]从数据库获得的access_token,有效期至: Mon Aug 05 2019 13:25:52 GMT+0800 (CST)
2019-08-05 11:53 +08:00: 微信acess_token已过期，正在从数据库拉取.
2019-08-05 11:53 +08:00: [success]连接数据库成功.
2019-08-05 11:53 +08:00: [success]从数据库获得的access_token,有效期至: Mon Aug 05 2019 13:25:52 GMT+0800 (CST)
2019-08-05 11:59 +08:00: 微信acess_token已过期，正在从数据库拉取.
2019-08-05 11:59 +08:00: [success]连接数据库成功.
2019-08-05 11:59 +08:00: [success]从数据库获得的access_token,有效期至: Mon Aug 05 2019 13:25:52 GMT+0800 (CST)
2019-08-05 12:02 +08:00: 微信acess_token已过期，正在从数据库拉取.
2019-08-05 12:02 +08:00: [success]连接数据库成功.
2019-08-05 12:02 +08:00: [success]从数据库获得的access_token,有效期至: Mon Aug 05 2019 13:25:52 GMT+0800 (CST)
2019-08-05 12:02 +08:00: 微信acess_token已过期，正在从数据库拉取.
2019-08-05 12:02 +08:00: [success]连接数据库成功.
2019-08-05 12:02 +08:00: [success]从数据库获得的access_token,有效期至: Mon Aug 05 2019 13:25:52 GMT+0800 (CST)
2019-08-05 12:02 +08:00: 微信acess_token已过期，正在从数据库拉取.
2019-08-05 12:02 +08:00: [success]连接数据库成功.
2019-08-05 12:02 +08:00: [success]从数据库获得的access_token,有效期至: Mon Aug 05 2019 13:25:52 GMT+0800 (CST)
2019-08-05 12:03 +08:00: 微信acess_token已过期，正在从数据库拉取.
2019-08-05 12:03 +08:00: [success]连接数据库成功.
2019-08-05 12:03 +08:00: [success]从数据库获得的access_token,有效期至: Mon Aug 05 2019 13:25:52 GMT+0800 (CST)
2019-08-05 12:04 +08:00: 微信acess_token已过期，正在从数据库拉取.
2019-08-05 12:04 +08:00: [success]连接数据库成功.
2019-08-05 12:04 +08:00: [success]从数据库获得的access_token,有效期至: Mon Aug 05 2019 13:25:52 GMT+0800 (CST)
2019-08-05 12:04 +08:00: 微信acess_token已过期，正在从数据库拉取.
2019-08-05 12:04 +08:00: [success]连接数据库成功.
2019-08-05 12:04 +08:00: [success]从数据库获得的access_token,有效期至: Mon Aug 05 2019 13:25:52 GMT+0800 (CST)
